This is pdfTeX, Version 3.14159265-2.6-1.40.20 (TeX Live 2019/Debian) (preloaded format=pdflatex 2024.2.15)  14 APR 2024 14:14
entering extended mode
 restricted \write18 enabled.
 %&-line parsing enabled.
**veletlenfolyamatok.tex --output-directory=../
(./veletlenfolyamatok.tex
LaTeX2e <2020-02-02> patch level 2
L3 programming layer <2020-02-14>
(/usr/share/texlive/texmf-dist/tex/latex/base/article.cls
Document Class: article 2019/12/20 v1.4l Standard LaTeX document class
(/usr/share/texlive/texmf-dist/tex/latex/base/size10.clo
File: size10.clo 2019/12/20 v1.4l Standard LaTeX file (size option)
)
\c@part=\count167
\c@section=\count168
\c@subsection=\count169
\c@subsubsection=\count170
\c@paragraph=\count171
\c@subparagraph=\count172
\c@figure=\count173
\c@table=\count174
\abovecaptionskip=\skip47
\belowcaptionskip=\skip48
\bibindent=\dimen134
)
(/usr/share/texlive/texmf-dist/tex/latex/l3backend/l3backend-pdfmode.def
File: l3backend-pdfmode.def 2020-02-03 L3 backend support: PDF mode
\l__kernel_color_stack_int=\count175
\l__pdf_internal_box=\box45
)
(./veletlenfolyamatok.aux

LaTeX Warning: Label `sec:veletlenfolyamatokdefinicioja' multiply defined.

)
\openout1 = `veletlenfolyamatok.aux'.

LaTeX Font Info:    Checking defaults for OML/cmm/m/it on input line 3.
LaTeX Font Info:    ... okay on input line 3.
LaTeX Font Info:    Checking defaults for OMS/cmsy/m/n on input line 3.
LaTeX Font Info:    ... okay on input line 3.
LaTeX Font Info:    Checking defaults for OT1/cmr/m/n on input line 3.
LaTeX Font Info:    ... okay on input line 3.
LaTeX Font Info:    Checking defaults for T1/cmr/m/n on input line 3.
LaTeX Font Info:    ... okay on input line 3.
LaTeX Font Info:    Checking defaults for TS1/cmr/m/n on input line 3.
LaTeX Font Info:    ... okay on input line 3.
LaTeX Font Info:    Checking defaults for OMX/cmex/m/n on input line 3.
LaTeX Font Info:    ... okay on input line 3.
LaTeX Font Info:    Checking defaults for U/cmr/m/n on input line 3.
LaTeX Font Info:    ... okay on input line 3.
LaTeX Font Info:    External font `cmex10' loaded for size
(Font)              <12> on input line 9.
LaTeX Font Info:    External font `cmex10' loaded for size
(Font)              <8> on input line 9.
LaTeX Font Info:    External font `cmex10' loaded for size
(Font)              <6> on input line 9.

Overfull \hbox (13.58409pt too wide) in paragraph at lines 13--14
\OT1/cmr/m/n/10 V^^Seletlen (sz-tochasztikus) folya-mat-nak nevezz^^?uk azon em
-pirikus folyam-a-tok matem-
 []


Overfull \hbox (2.35146pt too wide) in paragraph at lines 13--14
\OT1/cmr/m/n/10 atikai ab-sz-trakci^^Soj^^Sat, amit val^^Sosz^^S^^Pn}us^^Segi t
^^?orv^^Senyek vez^^Serelnek. A je-len k^^Seziratban
 []


Overfull \hbox (2.55621pt too wide) in paragraph at lines 25--26
\OT1/cmr/m/n/10 f^^?uggetlen^^?ul azon-ban mindig a val^^Sosz^^S^^Pn}us^^Seg sz
^^Sam^^S^^Pt^^Sas nyelv^^Senek seg^^S^^Pts^^Seg^^Sevel mond-
 []


Overfull \hbox (10.19507pt too wide) in paragraph at lines 27--28
\OT1/cmr/m/n/10 felt^^Setelezi, hogy az olvas^^So a ren-delkez^^Sesre ^^Sall^^S
o egy^^Seb m^^Sert^^Sekelm^^Seleti szakk^^?onyvekb}ol
 []


Overfull \hbox (4.76923pt too wide) in paragraph at lines 27--28
\OT1/cmr/m/n/10 (el}oad^^Sasokb^^Sol) m^^Sar el-saj^^Sat^^S^^Ptotta a sz^^?uks^
^Seges el}oismereteket. Prak-tikuss^^Sagi okokra
 []

[1

{/var/lib/texmf/fonts/map/pdftex/updmap/pdftex.map}]
Overfull \hbox (2.44505pt too wide) in paragraph at lines 31--32
\OT1/cmr/m/n/10 lesz az elk^^?ovetkezend}o dis-zkusszi^^Sok sor^^San ^^Ses anal
-i-tikus m^^Sodszereket dol-go-zhatunk
 []


Overfull \hbox (19.02849pt too wide) in paragraph at lines 31--32
\OT1/cmr/m/n/10 napig gyakran a sz^^Sohaszn^^Salat meg-marad m^^Seg akkor is ha
 tiszt^^San elm^^Seleti val^^Sosz^^S^^Pn}us^^Seg
 []

LaTeX Font Info:    External font `cmex10' loaded for size
(Font)              <7> on input line 33.
LaTeX Font Info:    External font `cmex10' loaded for size
(Font)              <5> on input line 33.

Overfull \hbox (46.40874pt too wide) in paragraph at lines 33--34
[]\OT1/cmr/m/n/10 A val^^Sosz^^S^^Pn}us^^Seg sz^^Sam^^S^^Pt^^Sas al-ka-lmaz^^Sa
sa sor^^San a \OT1/cmr/m/it/10 val^^Sosz^^S^^Pn}us^^Seget \OT1/cmr/m/n/10 esem^
^Senyek bek^^?ovetkez^^Ses^^Sevel
 []


Overfull \hbox (25.58469pt too wide) in paragraph at lines 33--34
\OT1/cmr/m/n/10 val^^Sosz^^S^^Pn}us^^Seget ren-delj^^?uk hozz^^Sa. Ezek tetsz}o
leges oszt^^Saly^^Sahoz pedig az $[]$ val^^Sosz^^S^^Pn}us^^Seget
 []


Overfull \hbox (6.2217pt too wide) in paragraph at lines 35--36
[]\OT1/cmr/m/n/10 A val^^Sosz^^S^^Pn}us^^Seg sz^^Sam^^S^^Pt^^Sas elm^^Selete ne
m m^^Sas mind a k^^?ul^^?onb^^?oz}o terek m^^Serhet}os^^Segi
 []

[2] [3] [4]
Overfull \hbox (5.33394pt too wide) in paragraph at lines 52--54
\OT1/cmr/m/n/10 zavar^^So lehet ha meg sz-eretn^^Se mag^^Sanak tar-tani a val^^
Sosz^^S^^Pn}us^^Seg in-tuit^^S^^Pv ^^Sertelmez^^Ses^^Set.
 []


Overfull \hbox (25.11203pt too wide) in paragraph at lines 52--54
\OT1/cmr/m/n/10 Itt teh^^Sat k^^Set v^^Salaszt^^Sas el}ott ^^Sallunk, vagy m^^S
odos^^S^^Ptjuk intu^^S^^Pci^^Sonkat vagy megv^^Saltoztatjuk
 []

[5]
Overfull \hbox (11.46791pt too wide) in paragraph at lines 64--65
[]\OT1/cmr/m/n/10 Az (3[])-ben defini^^Salt $\OML/cmm/m/it/10 F$ \OT1/cmr/m/n/1
0 f^^?uggv^^Senyt az $\OML/cmm/m/it/10 x$ \OT1/cmr/m/n/10 val^^Sosz^^S^^Pn}us^^
Segi v^^Saltoz^^So \OT1/cmr/m/it/10 eloszl^^Sasf^^?uggv^^Seny^^Senek
 []


Overfull \hbox (22.4846pt too wide) in paragraph at lines 67--67
[]\OT1/cmr/bx/n/14.4 Folyamatok K^^?olcs^^?on^^?osen F^^?uggetlen Val^^Sosz^^S^
^Pn}us^^Segi
 []

[6] (./veletlenfolyamatok.aux)

LaTeX Warning: There were multiply-defined labels.

 ) 
Here is how much of TeX's memory you used:
 419 strings out of 481239
 7133 string characters out of 5920377
 249564 words of memory out of 5000000
 15755 multiletter control sequences out of 15000+600000
 537558 words of font info for 41 fonts, out of 8000000 for 9000
 1141 hyphenation exceptions out of 8191
 25i,7n,19p,4686b,198s stack positions out of 5000i,500n,10000p,200000b,80000s
</usr/share/texlive/texmf-dist/fonts/type1/public/amsfonts/cm/cmbx10.pfb></us
r/share/texlive/texmf-dist/fonts/type1/public/amsfonts/cm/cmbx12.pfb></usr/shar
e/texlive/texmf-dist/fonts/type1/public/amsfonts/cm/cmex10.pfb></usr/share/texl
ive/texmf-dist/fonts/type1/public/amsfonts/cm/cmmi10.pfb></usr/share/texlive/te
xmf-dist/fonts/type1/public/amsfonts/cm/cmmi7.pfb></usr/share/texlive/texmf-dis
t/fonts/type1/public/amsfonts/cm/cmr10.pfb></usr/share/texlive/texmf-dist/fonts
/type1/public/amsfonts/cm/cmr12.pfb></usr/share/texlive/texmf-dist/fonts/type1/
public/amsfonts/cm/cmr17.pfb></usr/share/texlive/texmf-dist/fonts/type1/public/
amsfonts/cm/cmr7.pfb></usr/share/texlive/texmf-dist/fonts/type1/public/amsfonts
/cm/cmsy10.pfb></usr/share/texlive/texmf-dist/fonts/type1/public/amsfonts/cm/cm
ti10.pfb>
Output written on veletlenfolyamatok.pdf (6 pages, 142214 bytes).
PDF statistics:
 67 PDF objects out of 1000 (max. 8388607)
 47 compressed objects within 1 object stream
 0 named destinations out of 1000 (max. 500000)
 1 words of extra memory for PDF output out of 10000 (max. 10000000)

